# JRE version: OpenJDK Runtime Environment (8.0_242-b01) (build 1.8.0_242-release-1644-b01)
# Java VM: OpenJDK 64-Bit Server VM (25.242-b01 mixed mode windows-amd64 compressed oops)
Heap:
 PSYoungGen      total 352256K, used 78746K [0x00000000d5580000, 0x00000000f0080000, 0x0000000100000000)
  eden space 322560K, 15% used [0x00000000d5580000,0x00000000d8569908,0x00000000e9080000)
  from space 29696K, 99% used [0x00000000e9080000,0x00000000ead7d220,0x00000000ead80000)
  to   space 37888K, 0% used [0x00000000edb80000,0x00000000edb80000,0x00000000f0080000)
 ParOldGen       total 202240K, used 70562K [0x0000000080000000, 0x000000008c580000, 0x00000000d5580000)
  object space 202240K, 34% used [0x0000000080000000,0x00000000844e8b58,0x000000008c580000)
 Metaspace       used 115351K, capacity 122068K, committed 122200K, reserved 1155072K
  class space    used 15072K, capacity 16392K, committed 16512K, reserved 1048576K
GC Heap History (10 events):
Event: 410.517 GC heap before
{Heap before GC invocations=23 (full 4):
 PSYoungGen      total 293376K, used 5602K [0x00000000d5580000, 0x00000000eae80000, 0x0000000100000000)
  eden space 263680K, 0% used [0x00000000d5580000,0x00000000d5580000,0x00000000e5700000)
  from space 29696K, 18% used [0x00000000e5700000,0x00000000e5c78808,0x00000000e7400000)
  to   space 28672K, 0% used [0x00000000e9280000,0x00000000e9280000,0x00000000eae80000)
 ParOldGen       total 131072K, used 75074K [0x0000000080000000, 0x0000000088000000, 0x00000000d5580000)
  object space 131072K, 57% used [0x0000000080000000,0x0000000084950820,0x0000000088000000)
 Metaspace       used 93237K, capacity 98066K, committed 98264K, reserved 1134592K
  class space    used 12307K, capacity 13310K, committed 13312K, reserved 1048576K
Event: 410.806 GC heap after
Heap after GC invocations=23 (full 4):
 PSYoungGen      total 293376K, used 0K [0x00000000d5580000, 0x00000000eae80000, 0x0000000100000000)
  eden space 263680K, 0% used [0x00000000d5580000,0x00000000d5580000,0x00000000e5700000)
  from space 29696K, 0% used [0x00000000e5700000,0x00000000e5700000,0x00000000e7400000)
  to   space 28672K, 0% used [0x00000000e9280000,0x00000000e9280000,0x00000000eae80000)
 ParOldGen       total 202240K, used 61951K [0x0000000080000000, 0x000000008c580000, 0x00000000d5580000)
  object space 202240K, 30% used [0x0000000080000000,0x0000000083c7fe18,0x000000008c580000)
 Metaspace       used 92957K, capacity 97252K, committed 98264K, reserved 1134592K
  class space    used 12218K, capacity 13151K, committed 13312K, reserved 1048576K
}
Event: 414.145 GC heap before
{Heap before GC invocations=24 (full 4):
 PSYoungGen      total 293376K, used 263680K [0x00000000d5580000, 0x00000000eae80000, 0x0000000100000000)
  eden space 263680K, 100% used [0x00000000d5580000,0x00000000e5700000,0x00000000e5700000)
  from space 29696K, 0% used [0x00000000e5700000,0x00000000e5700000,0x00000000e7400000)
  to   space 28672K, 0% used [0x00000000e9280000,0x00000000e9280000,0x00000000eae80000)
 ParOldGen       total 202240K, used 61951K [0x0000000080000000, 0x000000008c580000, 0x00000000d5580000)
  object space 202240K, 30% used [0x0000000080000000,0x0000000083c7fe18,0x000000008c580000)
 Metaspace       used 104084K, capacity 110122K, committed 110296K, reserved 1144832K
  class space    used 13839K, capacity 15014K, committed 15104K, reserved 1048576K
Event: 414.163 GC heap after
Heap after GC invocations=24 (full 4):
 PSYoungGen      total 324096K, used 16746K [0x00000000d5580000, 0x00000000eb180000, 0x0000000100000000)
  eden space 295424K, 0% used [0x00000000d5580000,0x00000000d5580000,0x00000000e7600000)
  from space 28672K, 58% used [0x00000000e9280000,0x00000000ea2daa30,0x00000000eae80000)
  to   space 29184K, 0% used [0x00000000e7600000,0x00000000e7600000,0x00000000e9280000)
 ParOldGen       total 202240K, used 61959K [0x0000000080000000, 0x000000008c580000, 0x00000000d5580000)
  object space 202240K, 30% used [0x0000000080000000,0x0000000083c81e18,0x000000008c580000)
 Metaspace       used 104084K, capacity 110122K, committed 110296K, reserved 1144832K
  class space    used 13839K, capacity 15014K, committed 15104K, reserved 1048576K
}
Event: 417.487 GC heap before
{Heap before GC invocations=25 (full 4):
 PSYoungGen      total 324096K, used 312170K [0x00000000d5580000, 0x00000000eb180000, 0x0000000100000000)
  eden space 295424K, 100% used [0x00000000d5580000,0x00000000e7600000,0x00000000e7600000)
  from space 28672K, 58% used [0x00000000e9280000,0x00000000ea2daa30,0x00000000eae80000)
  to   space 29184K, 0% used [0x00000000e7600000,0x00000000e7600000,0x00000000e9280000)
 ParOldGen       total 202240K, used 61959K [0x0000000080000000, 0x000000008c580000, 0x00000000d5580000)
  object space 202240K, 30% used [0x0000000080000000,0x0000000083c81e18,0x000000008c580000)
 Metaspace       used 106115K, capacity 112430K, committed 112600K, reserved 1146880K
  class space    used 14021K, capacity 15278K, committed 15360K, reserved 1048576K
Event: 417.501 GC heap after
Heap after GC invocations=25 (full 4):
 PSYoungGen      total 324608K, used 10120K [0x00000000d5580000, 0x00000000ecc80000, 0x0000000100000000)
  eden space 295424K, 0% used [0x00000000d5580000,0x00000000d5580000,0x00000000e7600000)
  from space 29184K, 34% used [0x00000000e7600000,0x00000000e7fe2140,0x00000000e9280000)
  to   space 27648K, 0% used [0x00000000eb180000,0x00000000eb180000,0x00000000ecc80000)
 ParOldGen       total 202240K, used 61975K [0x0000000080000000, 0x000000008c580000, 0x00000000d5580000)
  object space 202240K, 30% used [0x0000000080000000,0x0000000083c85e18,0x000000008c580000)
 Metaspace       used 106115K, capacity 112430K, committed 112600K, reserved 1146880K
  class space    used 14021K, capacity 15278K, committed 15360K, reserved 1048576K
}
Event: 2786.849 GC heap before
{Heap before GC invocations=26 (full 4):
 PSYoungGen      total 324608K, used 305544K [0x00000000d5580000, 0x00000000ecc80000, 0x0000000100000000)
  eden space 295424K, 100% used [0x00000000d5580000,0x00000000e7600000,0x00000000e7600000)
  from space 29184K, 34% used [0x00000000e7600000,0x00000000e7fe2140,0x00000000e9280000)
  to   space 27648K, 0% used [0x00000000eb180000,0x00000000eb180000,0x00000000ecc80000)
 ParOldGen       total 202240K, used 61975K [0x0000000080000000, 0x000000008c580000, 0x00000000d5580000)
  object space 202240K, 30% used [0x0000000080000000,0x0000000083c85e18,0x000000008c580000)
 Metaspace       used 107563K, capacity 114014K, committed 114264K, reserved 1148928K
  class space    used 14136K, capacity 15408K, committed 15488K, reserved 1048576K
Event: 2786.906 GC heap after
Heap after GC invocations=26 (full 4):
 PSYoungGen      total 348160K, used 21590K [0x00000000d5580000, 0x00000000eca80000, 0x0000000100000000)
  eden space 322560K, 0% used [0x00000000d5580000,0x00000000d5580000,0x00000000e9080000)
  from space 25600K, 84% used [0x00000000eb180000,0x00000000ec695990,0x00000000eca80000)
  to   space 29696K, 0% used [0x00000000e9080000,0x00000000e9080000,0x00000000ead80000)
 ParOldGen       total 202240K, used 61983K [0x0000000080000000, 0x000000008c580000, 0x00000000d5580000)
  object space 202240K, 30% used [0x0000000080000000,0x0000000083c87e18,0x000000008c580000)
 Metaspace       used 107563K, capacity 114014K, committed 114264K, reserved 1148928K
  class space    used 14136K, capacity 15408K, committed 15488K, reserved 1048576K
}
Event: 2789.425 GC heap before
{Heap before GC invocations=27 (full 4):
 PSYoungGen      total 348160K, used 344150K [0x00000000d5580000, 0x00000000eca80000, 0x0000000100000000)
  eden space 322560K, 100% used [0x00000000d5580000,0x00000000e9080000,0x00000000e9080000)
  from space 25600K, 84% used [0x00000000eb180000,0x00000000ec695990,0x00000000eca80000)
  to   space 29696K, 0% used [0x00000000e9080000,0x00000000e9080000,0x00000000ead80000)
 ParOldGen       total 202240K, used 61983K [0x0000000080000000, 0x000000008c580000, 0x00000000d5580000)
  object space 202240K, 30% used [0x0000000080000000,0x0000000083c87e18,0x000000008c580000)
 Metaspace       used 115303K, capacity 122050K, committed 122200K, reserved 1155072K
  class space    used 15071K, capacity 16391K, committed 16512K, reserved 1048576K
Event: 2789.489 GC heap after
Heap after GC invocations=27 (full 4):
 PSYoungGen      total 352256K, used 29684K [0x00000000d5580000, 0x00000000f0080000, 0x0000000100000000)
  eden space 322560K, 0% used [0x00000000d5580000,0x00000000d5580000,0x00000000e9080000)
  from space 29696K, 99% used [0x00000000e9080000,0x00000000ead7d220,0x00000000ead80000)
  to   space 37888K, 0% used [0x00000000edb80000,0x00000000edb80000,0x00000000f0080000)
 ParOldGen       total 202240K, used 70562K [0x0000000080000000, 0x000000008c580000, 0x00000000d5580000)
  object space 202240K, 34% used [0x0000000080000000,0x00000000844e8b58,0x000000008c580000)
 Metaspace       used 115303K, capacity 122050K, committed 122200K, reserved 1155072K
  class space    used 15071K, capacity 16391K, committed 16512K, reserved 1048576K
}

